# JRE version: OpenJDK Runtime Environment (17.0.10) (build 17.0.10+0--11572160)
# Java VM: OpenJDK 64-Bit Server VM (17.0.10+0--11572160, mixed mode, tiered, compressed oops, compressed class ptrs, g1 gc, windows-amd64)
GC Precious Log:
 CPUs: 8 total, 8 available
 Memory: 7835M
 Large Page Support: Disabled
 NUMA Support: Disabled
 Compressed Oops: Enabled (32-bit)
 Heap Region Size: 1M
 Heap Min Capacity: 8M
 Heap Initial Capacity: 124M
 Heap Max Capacity: 2G
 Pre-touch: Disabled
 Parallel Workers: 8
 Concurrent Workers: 2
 Concurrent Refinement Workers: 8
 Periodic GC: Disabled
Heap:
 garbage-first heap   total 539648K, used 254391K [0x0000000080000000, 0x0000000100000000)
  region size 1024K, 2 young (2048K), 2 survivors (2048K)
 Metaspace       used 241058K, committed 242432K, reserved 1310720K
  class space    used 32002K, committed 32640K, reserved 1048576K
GC Heap History (20 events):
Event: 3175.150 GC heap after
{Heap after GC invocations=60 (full 0):
 garbage-first heap   total 539648K, used 215419K [0x0000000080000000, 0x0000000100000000)
  region size 1024K, 4 young (4096K), 4 survivors (4096K)
 Metaspace       used 207439K, committed 208704K, reserved 1245184K
  class space    used 27452K, committed 28096K, reserved 1048576K
}
Event: 3175.381 GC heap before
{Heap before GC invocations=60 (full 0):
 garbage-first heap   total 539648K, used 220539K [0x0000000080000000, 0x0000000100000000)
  region size 1024K, 10 young (10240K), 4 survivors (4096K)
 Metaspace       used 207518K, committed 208768K, reserved 1245184K
  class space    used 27455K, committed 28096K, reserved 1048576K
}
Event: 3175.401 GC heap after
{Heap after GC invocations=61 (full 0):
 garbage-first heap   total 539648K, used 214030K [0x0000000080000000, 0x0000000100000000)
  region size 1024K, 3 young (3072K), 3 survivors (3072K)
 Metaspace       used 207518K, committed 208768K, reserved 1245184K
  class space    used 27455K, committed 28096K, reserved 1048576K
}
Event: 3184.828 GC heap before
{Heap before GC invocations=62 (full 0):
 garbage-first heap   total 539648K, used 425998K [0x0000000080000000, 0x0000000100000000)
  region size 1024K, 205 young (209920K), 3 survivors (3072K)
 Metaspace       used 218577K, committed 219840K, reserved 1245184K
  class space    used 28878K, committed 29504K, reserved 1048576K
}
Event: 3184.863 GC heap after
{Heap after GC invocations=63 (full 0):
 garbage-first heap   total 539648K, used 226096K [0x0000000080000000, 0x0000000100000000)
  region size 1024K, 15 young (15360K), 15 survivors (15360K)
 Metaspace       used 218577K, committed 219840K, reserved 1245184K
  class space    used 28878K, committed 29504K, reserved 1048576K
}
Event: 3185.122 GC heap before
{Heap before GC invocations=63 (full 0):
 garbage-first heap   total 539648K, used 236336K [0x0000000080000000, 0x0000000100000000)
  region size 1024K, 26 young (26624K), 15 survivors (15360K)
 Metaspace       used 219363K, committed 220672K, reserved 1245184K
  class space    used 28968K, committed 29632K, reserved 1048576K
}
Event: 3185.159 GC heap after
{Heap after GC invocations=64 (full 0):
 garbage-first heap   total 539648K, used 223091K [0x0000000080000000, 0x0000000100000000)
  region size 1024K, 3 young (3072K), 3 survivors (3072K)
 Metaspace       used 219363K, committed 220672K, reserved 1245184K
  class space    used 28968K, committed 29632K, reserved 1048576K
}
Event: 3186.949 GC heap before
{Heap before GC invocations=64 (full 0):
 garbage-first heap   total 539648K, used 290675K [0x0000000080000000, 0x0000000100000000)
  region size 1024K, 70 young (71680K), 3 survivors (3072K)
 Metaspace       used 223574K, committed 224960K, reserved 1245184K
  class space    used 29583K, committed 30272K, reserved 1048576K
}
Event: 3186.960 GC heap after
{Heap after GC invocations=65 (full 0):
 garbage-first heap   total 539648K, used 226117K [0x0000000080000000, 0x0000000100000000)
  region size 1024K, 6 young (6144K), 6 survivors (6144K)
 Metaspace       used 223574K, committed 224960K, reserved 1245184K
  class space    used 29583K, committed 30272K, reserved 1048576K
}
Event: 3191.001 GC heap before
{Heap before GC invocations=66 (full 0):
 garbage-first heap   total 539648K, used 419653K [0x0000000080000000, 0x0000000100000000)
  region size 1024K, 194 young (198656K), 6 survivors (6144K)
 Metaspace       used 223723K, committed 225216K, reserved 1245184K
  class space    used 29506K, committed 30272K, reserved 1048576K
}
Event: 3191.023 GC heap after
{Heap after GC invocations=67 (full 0):
 garbage-first heap   total 539648K, used 237467K [0x0000000080000000, 0x0000000100000000)
  region size 1024K, 17 young (17408K), 17 survivors (17408K)
 Metaspace       used 223723K, committed 225216K, reserved 1245184K
  class space    used 29506K, committed 30272K, reserved 1048576K
}
Event: 3191.097 GC heap before
{Heap before GC invocations=67 (full 0):
 garbage-first heap   total 539648K, used 246683K [0x0000000080000000, 0x0000000100000000)
  region size 1024K, 26 young (26624K), 17 survivors (17408K)
 Metaspace       used 223732K, committed 225280K, reserved 1245184K
  class space    used 29506K, committed 30272K, reserved 1048576K
}
Event: 3191.144 GC heap after
{Heap after GC invocations=68 (full 0):
 garbage-first heap   total 539648K, used 232231K [0x0000000080000000, 0x0000000100000000)
  region size 1024K, 2 young (2048K), 2 survivors (2048K)
 Metaspace       used 223732K, committed 225280K, reserved 1245184K
  class space    used 29506K, committed 30272K, reserved 1048576K
}
Event: 3194.004 GC heap before
{Heap before GC invocations=68 (full 0):
 garbage-first heap   total 539648K, used 336679K [0x0000000080000000, 0x0000000100000000)
  region size 1024K, 105 young (107520K), 2 survivors (2048K)
 Metaspace       used 227937K, committed 229120K, reserved 1310720K
  class space    used 30007K, committed 30592K, reserved 1048576K
}
Event: 3194.025 GC heap after
{Heap after GC invocations=69 (full 0):
 garbage-first heap   total 539648K, used 241246K [0x0000000080000000, 0x0000000100000000)
  region size 1024K, 11 young (11264K), 11 survivors (11264K)
 Metaspace       used 227937K, committed 229120K, reserved 1310720K
  class space    used 30007K, committed 30592K, reserved 1048576K
}
Event: 3198.553 GC heap before
{Heap before GC invocations=70 (full 0):
 garbage-first heap   total 539648K, used 440926K [0x0000000080000000, 0x0000000100000000)
  region size 1024K, 195 young (199680K), 11 survivors (11264K)
 Metaspace       used 240423K, committed 241792K, reserved 1310720K
  class space    used 31927K, committed 32576K, reserved 1048576K
}
Event: 3198.580 GC heap after
{Heap after GC invocations=71 (full 0):
 garbage-first heap   total 539648K, used 258708K [0x0000000080000000, 0x0000000100000000)
  region size 1024K, 24 young (24576K), 24 survivors (24576K)
 Metaspace       used 240423K, committed 241792K, reserved 1310720K
  class space    used 31927K, committed 32576K, reserved 1048576K
}
Event: 3198.665 GC heap before
{Heap before GC invocations=71 (full 0):
 garbage-first heap   total 539648K, used 260756K [0x0000000080000000, 0x0000000100000000)
  region size 1024K, 26 young (26624K), 24 survivors (24576K)
 Metaspace       used 240897K, committed 242240K, reserved 1310720K
  class space    used 31996K, committed 32640K, reserved 1048576K
}
Event: 3198.762 GC heap after
{Heap after GC invocations=72 (full 0):
 garbage-first heap   total 539648K, used 255096K [0x0000000080000000, 0x0000000100000000)
  region size 1024K, 2 young (2048K), 2 survivors (2048K)
 Metaspace       used 240897K, committed 242240K, reserved 1310720K
  class space    used 31996K, committed 32640K, reserved 1048576K
}
Event: 3198.783 GC heap before
{Heap before GC invocations=72 (full 0):
 garbage-first heap   total 539648K, used 256120K [0x0000000080000000, 0x0000000100000000)
  region size 1024K, 4 young (4096K), 2 survivors (2048K)
 Metaspace       used 241058K, committed 242432K, reserved 1310720K
  class space    used 32002K, committed 32640K, reserved 1048576K
}

