# JRE version: OpenJDK Runtime Environment (17.0.10) (build 17.0.10+0--11572160)
# Java VM: OpenJDK 64-Bit Server VM (17.0.10+0--11572160, mixed mode, tiered, compressed oops, compressed class ptrs, g1 gc, windows-amd64)
GC Precious Log:
 CPUs: 8 total, 8 available
 Memory: 7835M
 Large Page Support: Disabled
 NUMA Support: Disabled
 Compressed Oops: Enabled (32-bit)
 Heap Region Size: 1M
 Heap Min Capacity: 8M
 Heap Initial Capacity: 124M
 Heap Max Capacity: 2G
 Pre-touch: Disabled
 Parallel Workers: 8
 Concurrent Workers: 2
 Concurrent Refinement Workers: 8
 Periodic GC: Disabled
Heap:
 garbage-first heap   total 409600K, used 147153K [0x0000000080000000, 0x0000000100000000)
  region size 1024K, 18 young (18432K), 18 survivors (18432K)
 Metaspace       used 116015K, committed 116928K, reserved 1179648K
  class space    used 16098K, committed 16576K, reserved 1048576K
GC Heap History (20 events):
Event: 6435.796 GC heap after
{Heap after GC invocations=58 (full 0):
 garbage-first heap   total 324608K, used 168251K [0x0000000080000000, 0x0000000100000000)
  region size 1024K, 14 young (14336K), 14 survivors (14336K)
 Metaspace       used 114088K, committed 115136K, reserved 1179648K
  class space    used 16035K, committed 16576K, reserved 1048576K
}
Event: 6436.226 GC heap before
{Heap before GC invocations=58 (full 0):
 garbage-first heap   total 324608K, used 259387K [0x0000000080000000, 0x0000000100000000)
  region size 1024K, 100 young (102400K), 14 survivors (14336K)
 Metaspace       used 114467K, committed 115456K, reserved 1179648K
  class space    used 16041K, committed 16576K, reserved 1048576K
}
Event: 6436.240 GC heap after
{Heap after GC invocations=59 (full 0):
 garbage-first heap   total 324608K, used 166259K [0x0000000080000000, 0x0000000100000000)
  region size 1024K, 3 young (3072K), 3 survivors (3072K)
 Metaspace       used 114467K, committed 115456K, reserved 1179648K
  class space    used 16041K, committed 16576K, reserved 1048576K
}
Event: 6436.277 GC heap before
{Heap before GC invocations=59 (full 0):
 garbage-first heap   total 324608K, used 184691K [0x0000000080000000, 0x0000000100000000)
  region size 1024K, 6 young (6144K), 3 survivors (3072K)
 Metaspace       used 114467K, committed 115456K, reserved 1179648K
  class space    used 16041K, committed 16576K, reserved 1048576K
}
Event: 6436.288 GC heap after
{Heap after GC invocations=60 (full 0):
 garbage-first heap   total 324608K, used 180692K [0x0000000080000000, 0x0000000100000000)
  region size 1024K, 2 young (2048K), 2 survivors (2048K)
 Metaspace       used 114467K, committed 115456K, reserved 1179648K
  class space    used 16041K, committed 16576K, reserved 1048576K
}
Event: 8101.405 GC heap before
{Heap before GC invocations=61 (full 0):
 garbage-first heap   total 324608K, used 270804K [0x0000000080000000, 0x0000000100000000)
  region size 1024K, 87 young (89088K), 2 survivors (2048K)
 Metaspace       used 114452K, committed 115584K, reserved 1179648K
  class space    used 15978K, committed 16576K, reserved 1048576K
}
Event: 8101.475 GC heap after
{Heap after GC invocations=62 (full 0):
 garbage-first heap   total 324608K, used 160007K [0x0000000080000000, 0x0000000100000000)
  region size 1024K, 7 young (7168K), 7 survivors (7168K)
 Metaspace       used 114452K, committed 115584K, reserved 1179648K
  class space    used 15978K, committed 16576K, reserved 1048576K
}
Event: 8101.920 GC heap before
{Heap before GC invocations=62 (full 0):
 garbage-first heap   total 324608K, used 168199K [0x0000000080000000, 0x0000000100000000)
  region size 1024K, 15 young (15360K), 7 survivors (7168K)
 Metaspace       used 114497K, committed 115584K, reserved 1179648K
  class space    used 15979K, committed 16576K, reserved 1048576K
}
Event: 8102.441 GC heap after
{Heap after GC invocations=63 (full 0):
 garbage-first heap   total 324608K, used 135115K [0x0000000080000000, 0x0000000100000000)
  region size 1024K, 2 young (2048K), 2 survivors (2048K)
 Metaspace       used 114497K, committed 115584K, reserved 1179648K
  class space    used 15979K, committed 16576K, reserved 1048576K
}
Event: 8106.110 GC heap before
{Heap before GC invocations=63 (full 0):
 garbage-first heap   total 324608K, used 148427K [0x0000000080000000, 0x0000000100000000)
  region size 1024K, 15 young (15360K), 2 survivors (2048K)
 Metaspace       used 114540K, committed 115584K, reserved 1179648K
  class space    used 15979K, committed 16576K, reserved 1048576K
}
Event: 8106.323 GC heap after
{Heap after GC invocations=64 (full 0):
 garbage-first heap   total 324608K, used 131793K [0x0000000080000000, 0x0000000100000000)
  region size 1024K, 2 young (2048K), 2 survivors (2048K)
 Metaspace       used 114540K, committed 115584K, reserved 1179648K
  class space    used 15979K, committed 16576K, reserved 1048576K
}
Event: 8106.694 GC heap before
{Heap before GC invocations=64 (full 0):
 garbage-first heap   total 324608K, used 145105K [0x0000000080000000, 0x0000000100000000)
  region size 1024K, 15 young (15360K), 2 survivors (2048K)
 Metaspace       used 114561K, committed 115648K, reserved 1179648K
  class space    used 15980K, committed 16576K, reserved 1048576K
}
Event: 8106.728 GC heap after
{Heap after GC invocations=65 (full 0):
 garbage-first heap   total 324608K, used 130109K [0x0000000080000000, 0x0000000100000000)
  region size 1024K, 2 young (2048K), 2 survivors (2048K)
 Metaspace       used 114561K, committed 115648K, reserved 1179648K
  class space    used 15980K, committed 16576K, reserved 1048576K
}
Event: 8107.284 GC heap before
{Heap before GC invocations=65 (full 0):
 garbage-first heap   total 324608K, used 162877K [0x0000000080000000, 0x0000000100000000)
  region size 1024K, 36 young (36864K), 2 survivors (2048K)
 Metaspace       used 114604K, committed 115648K, reserved 1179648K
  class space    used 15984K, committed 16576K, reserved 1048576K
}
Event: 8107.291 GC heap after
{Heap after GC invocations=66 (full 0):
 garbage-first heap   total 324608K, used 129146K [0x0000000080000000, 0x0000000100000000)
  region size 1024K, 1 young (1024K), 1 survivors (1024K)
 Metaspace       used 114604K, committed 115648K, reserved 1179648K
  class space    used 15984K, committed 16576K, reserved 1048576K
}
Event: 9380.560 GC heap before
{Heap before GC invocations=67 (full 0):
 garbage-first heap   total 324608K, used 283770K [0x0000000080000000, 0x0000000100000000)
  region size 1024K, 127 young (130048K), 1 survivors (1024K)
 Metaspace       used 114931K, committed 115904K, reserved 1179648K
  class space    used 16000K, committed 16576K, reserved 1048576K
}
Event: 9380.689 GC heap after
{Heap after GC invocations=68 (full 0):
 garbage-first heap   total 324608K, used 131020K [0x0000000080000000, 0x0000000100000000)
  region size 1024K, 5 young (5120K), 5 survivors (5120K)
 Metaspace       used 114931K, committed 115904K, reserved 1179648K
  class space    used 16000K, committed 16576K, reserved 1048576K
}
Event: 9380.866 GC heap before
{Heap before GC invocations=68 (full 0):
 garbage-first heap   total 324608K, used 144332K [0x0000000080000000, 0x0000000100000000)
  region size 1024K, 15 young (15360K), 5 survivors (5120K)
 Metaspace       used 114979K, committed 115968K, reserved 1179648K
  class space    used 16000K, committed 16576K, reserved 1048576K
}
Event: 9380.985 GC heap after
{Heap after GC invocations=69 (full 0):
 garbage-first heap   total 324608K, used 120420K [0x0000000080000000, 0x0000000100000000)
  region size 1024K, 2 young (2048K), 2 survivors (2048K)
 Metaspace       used 114979K, committed 115968K, reserved 1179648K
  class space    used 16000K, committed 16576K, reserved 1048576K
}
Event: 9683.392 GC heap before
{Heap before GC invocations=69 (full 0):
 garbage-first heap   total 324608K, used 257636K [0x0000000080000000, 0x0000000100000000)
  region size 1024K, 137 young (140288K), 2 survivors (2048K)
 Metaspace       used 116015K, committed 116928K, reserved 1179648K
  class space    used 16098K, committed 16576K, reserved 1048576K
}

