# JRE version: OpenJDK Runtime Environment (17.0.10) (build 17.0.10+0--11572160)
# Java VM: OpenJDK 64-Bit Server VM (17.0.10+0--11572160, mixed mode, tiered, compressed oops, compressed class ptrs, g1 gc, windows-amd64)
GC Precious Log:
 CPUs: 8 total, 8 available
 Memory: 7835M
 Large Page Support: Disabled
 NUMA Support: Disabled
 Compressed Oops: Enabled (32-bit)
 Heap Region Size: 1M
 Heap Min Capacity: 8M
 Heap Initial Capacity: 124M
 Heap Max Capacity: 2G
 Pre-touch: Disabled
 Parallel Workers: 8
 Concurrent Workers: 2
 Concurrent Refinement Workers: 8
 Periodic GC: Disabled
Heap:
 garbage-first heap   total 286720K, used 139844K [0x0000000080000000, 0x0000000100000000)
  region size 1024K, 1 young (1024K), 1 survivors (1024K)
 Metaspace       used 115730K, committed 116608K, reserved 1179648K
  class space    used 15800K, committed 16256K, reserved 1048576K
GC Heap History (20 events):
Event: 1635.262 GC heap after
{Heap after GC invocations=55 (full 0):
 garbage-first heap   total 264192K, used 118612K [0x0000000080000000, 0x0000000100000000)
  region size 1024K, 1 young (1024K), 1 survivors (1024K)
 Metaspace       used 110302K, committed 111232K, reserved 1179648K
  class space    used 14949K, committed 15424K, reserved 1048576K
}
Event: 1636.340 GC heap before
{Heap before GC invocations=55 (full 0):
 garbage-first heap   total 264192K, used 192340K [0x0000000080000000, 0x0000000100000000)
  region size 1024K, 75 young (76800K), 1 survivors (1024K)
 Metaspace       used 114809K, committed 115776K, reserved 1179648K
  class space    used 15779K, committed 16256K, reserved 1048576K
}
Event: 1636.347 GC heap after
{Heap after GC invocations=56 (full 0):
 garbage-first heap   total 264192K, used 120244K [0x0000000080000000, 0x0000000100000000)
  region size 1024K, 3 young (3072K), 3 survivors (3072K)
 Metaspace       used 114809K, committed 115776K, reserved 1179648K
  class space    used 15779K, committed 16256K, reserved 1048576K
}
Event: 1705.930 GC heap before
{Heap before GC invocations=57 (full 0):
 garbage-first heap   total 264192K, used 246196K [0x0000000080000000, 0x0000000100000000)
  region size 1024K, 99 young (101376K), 3 survivors (3072K)
 Metaspace       used 115001K, committed 115904K, reserved 1179648K
  class space    used 15774K, committed 16256K, reserved 1048576K
}
Event: 1705.941 GC heap after
{Heap after GC invocations=58 (full 0):
 garbage-first heap   total 264192K, used 129548K [0x0000000080000000, 0x0000000100000000)
  region size 1024K, 12 young (12288K), 12 survivors (12288K)
 Metaspace       used 115001K, committed 115904K, reserved 1179648K
  class space    used 15774K, committed 16256K, reserved 1048576K
}
Event: 1705.943 GC heap before
{Heap before GC invocations=58 (full 0):
 garbage-first heap   total 264192K, used 130572K [0x0000000080000000, 0x0000000100000000)
  region size 1024K, 13 young (13312K), 12 survivors (12288K)
 Metaspace       used 115001K, committed 115904K, reserved 1179648K
  class space    used 15774K, committed 16256K, reserved 1048576K
}
Event: 1705.960 GC heap after
{Heap after GC invocations=59 (full 0):
 garbage-first heap   total 264192K, used 128250K [0x0000000080000000, 0x0000000100000000)
  region size 1024K, 2 young (2048K), 2 survivors (2048K)
 Metaspace       used 115001K, committed 115904K, reserved 1179648K
  class space    used 15774K, committed 16256K, reserved 1048576K
}
Event: 1706.054 GC heap before
{Heap before GC invocations=59 (full 0):
 garbage-first heap   total 264192K, used 152826K [0x0000000080000000, 0x0000000100000000)
  region size 1024K, 28 young (28672K), 2 survivors (2048K)
 Metaspace       used 115060K, committed 115968K, reserved 1179648K
  class space    used 15779K, committed 16256K, reserved 1048576K
}
Event: 1706.056 GC heap after
{Heap after GC invocations=60 (full 0):
 garbage-first heap   total 264192K, used 128705K [0x0000000080000000, 0x0000000100000000)
  region size 1024K, 2 young (2048K), 2 survivors (2048K)
 Metaspace       used 115060K, committed 115968K, reserved 1179648K
  class space    used 15779K, committed 16256K, reserved 1048576K
}
Event: 2620.782 GC heap before
{Heap before GC invocations=61 (full 0):
 garbage-first heap   total 268288K, used 248513K [0x0000000080000000, 0x0000000100000000)
  region size 1024K, 89 young (91136K), 2 survivors (2048K)
 Metaspace       used 115258K, committed 116160K, reserved 1179648K
  class space    used 15778K, committed 16256K, reserved 1048576K
}
Event: 2621.007 GC heap after
{Heap after GC invocations=62 (full 0):
 garbage-first heap   total 268288K, used 141042K [0x0000000080000000, 0x0000000100000000)
  region size 1024K, 12 young (12288K), 12 survivors (12288K)
 Metaspace       used 115258K, committed 116160K, reserved 1179648K
  class space    used 15778K, committed 16256K, reserved 1048576K
}
Event: 2621.048 GC heap before
{Heap before GC invocations=62 (full 0):
 garbage-first heap   total 268288K, used 142066K [0x0000000080000000, 0x0000000100000000)
  region size 1024K, 13 young (13312K), 12 survivors (12288K)
 Metaspace       used 115258K, committed 116160K, reserved 1179648K
  class space    used 15778K, committed 16256K, reserved 1048576K
}
Event: 2621.109 GC heap after
{Heap after GC invocations=63 (full 0):
 garbage-first heap   total 268288K, used 133589K [0x0000000080000000, 0x0000000100000000)
  region size 1024K, 2 young (2048K), 2 survivors (2048K)
 Metaspace       used 115258K, committed 116160K, reserved 1179648K
  class space    used 15778K, committed 16256K, reserved 1048576K
}
Event: 2621.344 GC heap before
{Heap before GC invocations=63 (full 0):
 garbage-first heap   total 268288K, used 170453K [0x0000000080000000, 0x0000000100000000)
  region size 1024K, 40 young (40960K), 2 survivors (2048K)
 Metaspace       used 115362K, committed 116288K, reserved 1179648K
  class space    used 15779K, committed 16256K, reserved 1048576K
}
Event: 2621.369 GC heap after
{Heap after GC invocations=64 (full 0):
 garbage-first heap   total 268288K, used 151465K [0x0000000080000000, 0x0000000100000000)
  region size 1024K, 11 young (11264K), 11 survivors (11264K)
 Metaspace       used 115362K, committed 116288K, reserved 1179648K
  class space    used 15779K, committed 16256K, reserved 1048576K
}
Event: 2624.576 GC heap before
{Heap before GC invocations=65 (full 0):
 garbage-first heap   total 286720K, used 217001K [0x0000000080000000, 0x0000000100000000)
  region size 1024K, 59 young (60416K), 11 survivors (11264K)
 Metaspace       used 115295K, committed 116288K, reserved 1179648K
  class space    used 15753K, committed 16256K, reserved 1048576K
}
Event: 2624.591 GC heap after
{Heap after GC invocations=66 (full 0):
 garbage-first heap   total 286720K, used 155696K [0x0000000080000000, 0x0000000100000000)
  region size 1024K, 4 young (4096K), 4 survivors (4096K)
 Metaspace       used 115295K, committed 116288K, reserved 1179648K
  class space    used 15753K, committed 16256K, reserved 1048576K
}
Event: 2624.683 GC heap before
{Heap before GC invocations=66 (full 0):
 garbage-first heap   total 286720K, used 164912K [0x0000000080000000, 0x0000000100000000)
  region size 1024K, 14 young (14336K), 4 survivors (4096K)
 Metaspace       used 115443K, committed 116352K, reserved 1179648K
  class space    used 15774K, committed 16256K, reserved 1048576K
}
Event: 2624.701 GC heap after
{Heap after GC invocations=67 (full 0):
 garbage-first heap   total 286720K, used 139088K [0x0000000080000000, 0x0000000100000000)
  region size 1024K, 2 young (2048K), 2 survivors (2048K)
 Metaspace       used 115443K, committed 116352K, reserved 1179648K
  class space    used 15774K, committed 16256K, reserved 1048576K
}
Event: 2624.812 GC heap before
{Heap before GC invocations=67 (full 0):
 garbage-first heap   total 286720K, used 151376K [0x0000000080000000, 0x0000000100000000)
  region size 1024K, 14 young (14336K), 2 survivors (2048K)
 Metaspace       used 115730K, committed 116608K, reserved 1179648K
  class space    used 15800K, committed 16256K, reserved 1048576K
}

